02/04/2024 22:01:07 - DEBUG - google.auth.transport.requests -   Making request: POST https://oauth2.googleapis.com/token
02/04/2024 22:01:07 - DEBUG - urllib3.connectionpool -   Starting new HTTPS connection (1): oauth2.googleapis.com:443
02/04/2024 22:01:07 - DEBUG - urllib3.connectionpool -   https://oauth2.googleapis.com:443 "POST /token HTTP/1.1" 200 None
02/04/2024 22:01:07 - INFO - googleapiclient.discovery_cache -   file_cache is only supported with oauth2client<4.0.0
02/04/2024 22:02:12 - DEBUG - asyncio -   Using selector: EpollSelector
02/04/2024 22:06:01 - DEBUG - asyncio -   Using selector: EpollSelector
02/04/2024 22:06:01 - INFO - app -   User Registered with Transaction id: pay_NWs1yfUHPDJ4Tn, Event Name: Credenza, Team Name: hgjvh, Team ID: 544262, Member ID: 5442621, Name: hg hg , Course: vhgvj, College: tcyhgvh, Email: verovig2h12@evvgo.com
02/04/2024 22:06:01 - DEBUG - googleapiclient.discovery -   URL being requested: POST https://sheets.googleapis.com/v4/spreadsheets/1euuUXN28zBf8ZolLKXkzsriMosTyiXkziknUzjNIFOI/values/Sheet1%21A1:append?valueInputOption=RAW&alt=json
02/04/2024 22:06:13 - INFO - Mail Client -   Mail Sent
02/05/2024 12:49:30 - DEBUG - asyncio -   Using selector: EpollSelector
02/05/2024 12:49:30 - INFO - app -   User Registered with Transaction id: pay_NX75HykLTBjEKf, Event Name: Roborace, Team Name: difhjsdf, Team ID: 229334, Member ID: 2293341, Name: wdfsaf, Course: sgwr, College: dfgsidgf, Email: kadib65116@alibrs.com
02/05/2024 12:49:30 - DEBUG - googleapiclient.discovery -   URL being requested: POST https://sheets.googleapis.com/v4/spreadsheets/1euuUXN28zBf8ZolLKXkzsriMosTyiXkziknUzjNIFOI/values/Sheet1%21A1:append?valueInputOption=RAW&alt=json
02/05/2024 12:49:30 - DEBUG - google_auth_httplib2 -   Making request: POST https://oauth2.googleapis.com/token
02/05/2024 12:49:46 - INFO - Mail Client -   Mail Sent
02/05/2024 13:18:40 - DEBUG - asyncio -   Using selector: EpollSelector
02/05/2024 13:18:40 - INFO - app -   User Registered with Transaction id: pay_NX7a7zI1RSuAx6, Event Name: Codeathon, Team Name: Team lucifer, Team ID: 839243, Member ID: 8392431, Name: Vansh shrivastava, Course: B.Tech CSE, College: ABES, Email: sd4174230@gmail.com
02/05/2024 13:18:40 - DEBUG - googleapiclient.discovery -   URL being requested: POST https://sheets.googleapis.com/v4/spreadsheets/1euuUXN28zBf8ZolLKXkzsriMosTyiXkziknUzjNIFOI/values/Sheet1%21A1:append?valueInputOption=RAW&alt=json
02/05/2024 13:18:49 - INFO - Mail Client -   Mail Sent
02/05/2024 15:29:08 - DEBUG - asyncio -   Using selector: EpollSelector
02/05/2024 15:29:08 - INFO - app -   User Registered with Transaction id: pay_NX9nweixjDSMQ3, Event Name: Roborace, Team Name: Techrise, Team ID: 289982, Member ID: 2899821, Name: Hitesh Sethi, Course: B.Tech CSE, College: Noida International University, Email: adarshsahani003@gmail.com
02/05/2024 15:29:08 - DEBUG - googleapiclient.discovery -   URL being requested: POST https://sheets.googleapis.com/v4/spreadsheets/1euuUXN28zBf8ZolLKXkzsriMosTyiXkziknUzjNIFOI/values/Sheet1%21A1:append?valueInputOption=RAW&alt=json
02/05/2024 15:29:08 - DEBUG - google_auth_httplib2 -   Making request: POST https://oauth2.googleapis.com/token
02/05/2024 15:29:28 - INFO - Mail Client -   Mail Sent
